<?xml version="1.0" encoding="UTF-8"?>
<testsuite name="com.google.maps.navigation.service.NavigationServiceTest" tests="2" skipped="0" failures="0" errors="0" timestamp="2026-04-10T06:20:31" hostname="MacBook-Pro-Aleksandr.local" time="0.049">
  <properties/>
  <testcase name="navigate_withAddresses_callsGeocodingFirst()" classname="com.google.maps.navigation.service.NavigationServiceTest" time="0.047"/>
  <testcase name="navigate_withCoordinates_skipsGeocoding()" classname="com.google.maps.navigation.service.NavigationServiceTest" time="0.002"/>
  <system-out><![CDATA[]]></system-out>
  <system-err><![CDATA[]]></system-err>
</testsuite>
