<?xml version="1.0" encoding="UTF-8"?>
<testsuite name="com.google.maps.ranker.controller.RankerControllerTest" tests="1" skipped="0" failures="0" errors="0" timestamp="2026-04-10T06:10:24" hostname="MacBook-Pro-Aleksandr.local" time="0.086">
  <properties/>
  <testcase name="rank_returnsRankedResults()" classname="com.google.maps.ranker.controller.RankerControllerTest" time="0.086"/>
  <system-out><![CDATA[01:10:23.701 [Test worker] INFO org.springframework.test.context.support.AnnotationConfigContextLoaderUtils -- Could not detect default configuration classes for test class [com.google.maps.ranker.controller.RankerControllerTest]: RankerControllerTest does not declare any static, non-private, non-final, nested classes annotated with @Configuration.
01:10:23.744 [Test worker] INFO org.springframework.boot.test.context.SpringBootTestContextBootstrapper -- Found @SpringBootConfiguration com.google.maps.ranker.RankerServiceApplication for test class com.google.maps.ranker.controller.RankerControllerTest

  .   ____          _            __ _ _
 /\\ / ___'_ __ _ _(_)_ __  __ _ \ \ \ \
( ( )\___ | '_ | '_| | '_ \/ _` | \ \ \ \
 \\/  ___)| |_)| | | | | || (_| |  ) ) ) )
  '  |____| .__|_| |_|_| |_\__, | / / / /
 =========|_|==============|___/=/_/_/_/

 :: Spring Boot ::                (v3.4.4)

2026-04-10T01:10:23.930-05:00  INFO 28336 --- [    Test worker] c.g.m.r.controller.RankerControllerTest  : Starting RankerControllerTest using Java 21.0.10 with PID 28336 (started by azastashkov in /Users/azastashkov/projects/github/google-maps/ranker-service)
2026-04-10T01:10:23.930-05:00  INFO 28336 --- [    Test worker] c.g.m.r.controller.RankerControllerTest  : No active profile set, falling back to 1 default profile: "default"
2026-04-10T01:10:24.596-05:00  INFO 28336 --- [    Test worker] o.s.b.t.m.w.SpringBootMockServletContext : Initializing Spring TestDispatcherServlet ''
2026-04-10T01:10:24.596-05:00  INFO 28336 --- [    Test worker] o.s.t.web.servlet.TestDispatcherServlet  : Initializing Servlet ''
2026-04-10T01:10:24.597-05:00  INFO 28336 --- [    Test worker] o.s.t.web.servlet.TestDispatcherServlet  : Completed initialization in 0 ms
2026-04-10T01:10:24.612-05:00  INFO 28336 --- [    Test worker] c.g.m.r.controller.RankerControllerTest  : Started RankerControllerTest in 0.802 seconds (process running for 1.178)
]]></system-out>
  <system-err><![CDATA[Mockito is currently self-attaching to enable the inline-mock-maker. This will no longer work in future releases of the JDK. Please add Mockito as an agent to your build what is described in Mockito's documentation: https://javadoc.io/doc/org.mockito/mockito-core/latest/org/mockito/Mockito.html#0.3
WARNING: A Java agent has been loaded dynamically (/Users/azastashkov/.gradle/caches/modules-2/files-2.1/net.bytebuddy/byte-buddy-agent/1.15.11/a38b16385e867f59a641330f0362ebe742788ed8/byte-buddy-agent-1.15.11.jar)
WARNING: If a serviceability tool is in use, please run with -XX:+EnableDynamicAgentLoading to hide this warning
WARNING: If a serviceability tool is not in use, please run with -Djdk.instrument.traceUsage for more information
WARNING: Dynamic loading of agents will be disallowed by default in a future release
]]></system-err>
</testsuite>
