<?xml version="1.0" encoding="UTF-8"?>
<testsuite name="com.google.maps.geocoding.service.GeocodingServiceTest" tests="5" skipped="0" failures="0" errors="0" timestamp="2026-04-10T06:00:38" hostname="MacBook-Pro-Aleksandr.local" time="0.078">
  <properties/>
  <testcase name="geocode_returnsEntryWhenAddressFound()" classname="com.google.maps.geocoding.service.GeocodingServiceTest" time="0.073"/>
  <testcase name="geocode_returnsEmptyWhenAddressNotFound()" classname="com.google.maps.geocoding.service.GeocodingServiceTest" time="0.001"/>
  <testcase name="reverseGeocode_returnsEmptyWhenNothingWithinThreshold()" classname="com.google.maps.geocoding.service.GeocodingServiceTest" time="0.001"/>
  <testcase name="reverseGeocode_returnsNearestEntryWithinThreshold()" classname="com.google.maps.geocoding.service.GeocodingServiceTest" time="0.0"/>
  <testcase name="haversineDistance_computesCorrectly()" classname="com.google.maps.geocoding.service.GeocodingServiceTest" time="0.001"/>
  <system-out><![CDATA[]]></system-out>
  <system-err><![CDATA[]]></system-err>
</testsuite>
