<?xml version="1.0" encoding="UTF-8"?>
<testsuite name="com.google.maps.geocoding.controller.GeocodingControllerTest" tests="4" skipped="0" failures="0" errors="0" timestamp="2026-04-10T06:00:38" hostname="MacBook-Pro-Aleksandr.local" time="0.079">
  <properties/>
  <testcase name="geocode_returns404WhenNotFound()" classname="com.google.maps.geocoding.controller.GeocodingControllerTest" time="0.053"/>
  <testcase name="reverseGeocode_returns404WhenNotInRange()" classname="com.google.maps.geocoding.controller.GeocodingControllerTest" time="0.004"/>
  <testcase name="reverseGeocode_returnsResult()" classname="com.google.maps.geocoding.controller.GeocodingControllerTest" time="0.016"/>
  <testcase name="geocode_returnsResult()" classname="com.google.maps.geocoding.controller.GeocodingControllerTest" time="0.003"/>
  <system-out><![CDATA[01:00:37.710 [Test worker] INFO org.springframework.test.context.support.AnnotationConfigContextLoaderUtils -- Could not detect default configuration classes for test class [com.google.maps.geocoding.controller.GeocodingControllerTest]: GeocodingControllerTest does not declare any static, non-private, non-final, nested classes annotated with @Configuration.
01:00:37.758 [Test worker] INFO org.springframework.boot.test.context.SpringBootTestContextBootstrapper -- Found @SpringBootConfiguration com.google.maps.geocoding.GeocodingServiceApplication for test class com.google.maps.geocoding.controller.GeocodingControllerTest

  .   ____          _            __ _ _
 /\\ / ___'_ __ _ _(_)_ __  __ _ \ \ \ \
( ( )\___ | '_ | '_| | '_ \/ _` | \ \ \ \
 \\/  ___)| |_)| | | | | || (_| |  ) ) ) )
  '  |____| .__|_| |_|_| |_\__, | / / / /
 =========|_|==============|___/=/_/_/_/

 :: Spring Boot ::                (v3.4.4)

2026-04-10T01:00:37.963-05:00  INFO 27939 --- [    Test worker] c.g.m.g.c.GeocodingControllerTest        : Starting GeocodingControllerTest using Java 21.0.10 with PID 27939 (started by azastashkov in /Users/azastashkov/projects/github/google-maps/geocoding-service)
2026-04-10T01:00:37.964-05:00  INFO 27939 --- [    Test worker] c.g.m.g.c.GeocodingControllerTest        : No active profile set, falling back to 1 default profile: "default"
2026-04-10T01:00:38.665-05:00  INFO 27939 --- [    Test worker] o.s.b.t.m.w.SpringBootMockServletContext : Initializing Spring TestDispatcherServlet ''
2026-04-10T01:00:38.666-05:00  INFO 27939 --- [    Test worker] o.s.t.web.servlet.TestDispatcherServlet  : Initializing Servlet ''
2026-04-10T01:00:38.667-05:00  INFO 27939 --- [    Test worker] o.s.t.web.servlet.TestDispatcherServlet  : Completed initialization in 0 ms
2026-04-10T01:00:38.679-05:00  INFO 27939 --- [    Test worker] c.g.m.g.c.GeocodingControllerTest        : Started GeocodingControllerTest in 0.853 seconds (process running for 1.233)
]]></system-out>
  <system-err><![CDATA[Mockito is currently self-attaching to enable the inline-mock-maker. This will no longer work in future releases of the JDK. Please add Mockito as an agent to your build what is described in Mockito's documentation: https://javadoc.io/doc/org.mockito/mockito-core/latest/org/mockito/Mockito.html#0.3
WARNING: A Java agent has been loaded dynamically (/Users/azastashkov/.gradle/caches/modules-2/files-2.1/net.bytebuddy/byte-buddy-agent/1.15.11/a38b16385e867f59a641330f0362ebe742788ed8/byte-buddy-agent-1.15.11.jar)
WARNING: If a serviceability tool is in use, please run with -XX:+EnableDynamicAgentLoading to hide this warning
WARNING: If a serviceability tool is not in use, please run with -Djdk.instrument.traceUsage for more information
WARNING: Dynamic loading of agents will be disallowed by default in a future release
]]></system-err>
</testsuite>
