<?xml version="1.0" encoding="UTF-8"?>
<testsuite name="com.google.maps.routeplanner.service.RoutePlannerServiceTest" tests="1" skipped="0" failures="0" errors="0" timestamp="2026-04-10T06:16:38" hostname="MacBook-Pro-Aleksandr.local" time="0.059">
  <properties/>
  <testcase name="planRoutes_orchestratesAllThreeServices()" classname="com.google.maps.routeplanner.service.RoutePlannerServiceTest" time="0.059"/>
  <system-out><![CDATA[]]></system-out>
  <system-err><![CDATA[]]></system-err>
</testsuite>
