<?xml version="1.0" encoding="UTF-8"?>
<testsuite name="com.google.maps.routeplanner.controller.RoutePlannerControllerTest" tests="1" skipped="0" failures="0" errors="0" timestamp="2026-04-10T06:16:38" hostname="MacBook-Pro-Aleksandr.local" time="0.067">
  <properties/>
  <testcase name="getRoutes_returns200WithRoutes()" classname="com.google.maps.routeplanner.controller.RoutePlannerControllerTest" time="0.067"/>
  <system-out><![CDATA[01:16:37.915 [Test worker] INFO org.springframework.test.context.support.AnnotationConfigContextLoaderUtils -- Could not detect default configuration classes for test class [com.google.maps.routeplanner.controller.RoutePlannerControllerTest]: RoutePlannerControllerTest does not declare any static, non-private, non-final, nested classes annotated with @Configuration.
01:16:37.959 [Test worker] INFO org.springframework.boot.test.context.SpringBootTestContextBootstrapper -- Found @SpringBootConfiguration com.google.maps.routeplanner.RoutePlannerServiceApplication for test class com.google.maps.routeplanner.controller.RoutePlannerControllerTest

  .   ____          _            __ _ _
 /\\ / ___'_ __ _ _(_)_ __  __ _ \ \ \ \
( ( )\___ | '_ | '_| | '_ \/ _` | \ \ \ \
 \\/  ___)| |_)| | | | | || (_| |  ) ) ) )
  '  |____| .__|_| |_|_| |_\__, | / / / /
 =========|_|==============|___/=/_/_/_/

 :: Spring Boot ::                (v3.4.4)

2026-04-10T01:16:38.158-05:00  INFO 28579 --- [    Test worker] c.g.m.r.c.RoutePlannerControllerTest     : Starting RoutePlannerControllerTest using Java 21.0.10 with PID 28579 (started by azastashkov in /Users/azastashkov/projects/github/google-maps/route-planner-service)
2026-04-10T01:16:38.159-05:00  INFO 28579 --- [    Test worker] c.g.m.r.c.RoutePlannerControllerTest     : No active profile set, falling back to 1 default profile: "default"
2026-04-10T01:16:38.820-05:00  INFO 28579 --- [    Test worker] o.s.b.t.m.w.SpringBootMockServletContext : Initializing Spring TestDispatcherServlet ''
2026-04-10T01:16:38.821-05:00  INFO 28579 --- [    Test worker] o.s.t.web.servlet.TestDispatcherServlet  : Initializing Servlet ''
2026-04-10T01:16:38.822-05:00  INFO 28579 --- [    Test worker] o.s.t.web.servlet.TestDispatcherServlet  : Completed initialization in 0 ms
2026-04-10T01:16:38.834-05:00  INFO 28579 --- [    Test worker] c.g.m.r.c.RoutePlannerControllerTest     : Started RoutePlannerControllerTest in 0.808 seconds (process running for 1.177)
]]></system-out>
  <system-err><![CDATA[Mockito is currently self-attaching to enable the inline-mock-maker. This will no longer work in future releases of the JDK. Please add Mockito as an agent to your build what is described in Mockito's documentation: https://javadoc.io/doc/org.mockito/mockito-core/latest/org/mockito/Mockito.html#0.3
WARNING: A Java agent has been loaded dynamically (/Users/azastashkov/.gradle/caches/modules-2/files-2.1/net.bytebuddy/byte-buddy-agent/1.15.11/a38b16385e867f59a641330f0362ebe742788ed8/byte-buddy-agent-1.15.11.jar)
WARNING: If a serviceability tool is in use, please run with -XX:+EnableDynamicAgentLoading to hide this warning
WARNING: If a serviceability tool is not in use, please run with -Djdk.instrument.traceUsage for more information
WARNING: Dynamic loading of agents will be disallowed by default in a future release
]]></system-err>
</testsuite>
